2022-11-15 07:47:43,169 : INFO : test_e2e : click on Honda check boxes
2022-11-15 07:47:43,390 : INFO : test_e2e : less than 4 lakh bikes filter apply
2022-11-15 08:04:33,293 : INFO : test_e2e : click on Honda check box
2022-11-15 08:04:33,471 : INFO : test_e2e : less than 4 lakh bikes filter apply
2022-11-15 08:49:44,196 : INFO : test_e2e : click on Honda check box
2022-11-15 08:49:44,380 : INFO : test_e2e : less than 4 lakh bikes filter apply
2022-11-15 08:49:52,044 : INFO : test_e2e : 75400
2022-11-15 08:49:52,107 : INFO : test_e2e : 86486
2022-11-15 08:49:52,169 : INFO : test_e2e : 83914
2022-11-15 08:49:52,247 : INFO : test_e2e : 1.03
2022-11-15 08:49:52,310 : INFO : test_e2e : 74353
2022-11-15 08:49:52,388 : INFO : test_e2e : 2.07
2022-11-15 08:49:52,514 : INFO : test_e2e : 1.35
2022-11-15 08:49:52,576 : INFO : test_e2e : 83198
2022-11-15 08:49:52,655 : INFO : test_e2e : 79002
2022-11-15 08:49:52,733 : INFO : test_e2e : 1.20
2022-11-15 08:49:52,795 : INFO : test_e2e : 70315
2022-11-15 08:49:52,858 : INFO : test_e2e : 8.89
2022-11-15 08:52:22,518 : INFO : test_e2e : click on Honda check box
2022-11-15 08:52:22,828 : INFO : test_e2e : less than 4 lakh bikes filter apply
2022-11-15 08:52:30,067 : INFO : test_e2e : True
2022-11-15 08:52:30,520 : INFO : test_e2e : 75400
2022-11-15 08:52:30,583 : INFO : test_e2e : 86486
2022-11-15 08:52:30,645 : INFO : test_e2e : 83914
2022-11-15 08:52:30,724 : INFO : test_e2e : 1.03
2022-11-15 08:52:30,786 : INFO : test_e2e : 74353
2022-11-15 08:52:30,862 : INFO : test_e2e : 2.07
2022-11-15 08:52:30,925 : INFO : test_e2e : 1.35
2022-11-15 08:52:30,987 : INFO : test_e2e : 83198
2022-11-15 08:52:31,050 : INFO : test_e2e : 79002
2022-11-15 08:52:31,128 : INFO : test_e2e : 1.20
2022-11-15 08:52:31,191 : INFO : test_e2e : 70315
2022-11-15 08:52:31,253 : INFO : test_e2e : 8.89
2022-11-15 12:40:35,794 : INFO : test_e2e : click on Honda check box
2022-11-15 12:40:36,004 : INFO : test_e2e : less than 4 lakh bikes filter apply
2022-11-15 12:40:43,269 : INFO : test_e2e : True
2022-11-15 12:40:43,753 : INFO : test_e2e : 75400
2022-11-15 12:40:43,823 : INFO : test_e2e : 86486
2022-11-15 12:40:43,914 : INFO : test_e2e : 83914
2022-11-15 12:40:43,986 : INFO : test_e2e : 1.03
2022-11-15 12:40:44,064 : INFO : test_e2e : 74353
2022-11-15 12:40:44,157 : INFO : test_e2e : 2.07
2022-11-15 12:40:44,243 : INFO : test_e2e : 1.35
2022-11-15 12:40:44,321 : INFO : test_e2e : 83198
2022-11-15 12:40:44,394 : INFO : test_e2e : 79002
2022-11-15 12:40:44,473 : INFO : test_e2e : 1.20
2022-11-15 12:40:44,541 : INFO : test_e2e : 70315
2022-11-15 12:40:44,621 : INFO : test_e2e : 8.89
2022-11-16 09:09:49,530 : INFO : test_e2e : click on Honda check box
2022-11-16 09:09:49,835 : INFO : test_e2e : less than 4 lakh bikes filter apply
2022-11-16 09:11:48,250 : INFO : test_e2e : click on Honda check box
2022-11-16 09:11:48,427 : INFO : test_e2e : less than 4 lakh bikes filter apply
2022-11-16 09:11:56,104 : INFO : test_e2e : 75400
2022-11-16 09:11:56,176 : INFO : test_e2e : 86486
2022-11-16 09:11:56,248 : INFO : test_e2e : 83914
2022-11-16 09:11:56,320 : INFO : test_e2e : 1.03
2022-11-16 09:11:56,382 : INFO : test_e2e : 74353
2022-11-16 09:11:56,460 : INFO : test_e2e : 2.07
2022-11-16 09:11:56,538 : INFO : test_e2e : 1.35
2022-11-16 09:11:56,632 : INFO : test_e2e : 83198
2022-11-16 09:11:56,726 : INFO : test_e2e : 79002
2022-11-16 09:11:56,804 : INFO : test_e2e : 1.20
2022-11-16 09:11:56,867 : INFO : test_e2e : 70315
2022-11-16 09:11:56,945 : INFO : test_e2e : 88536
2022-11-16 09:15:38,638 : INFO : test_e2e : click on Honda check box
2022-11-16 09:15:39,032 : INFO : test_e2e : less than 4 lakh bikes filter apply
2022-11-16 09:15:46,834 : INFO : test_e2e : Rs. 75400
2022-11-16 09:15:46,896 : INFO : test_e2e : Rs. 86486
2022-11-16 09:15:46,975 : INFO : test_e2e : Rs. 83914
2022-11-16 09:15:47,037 : INFO : test_e2e : 1.03Lakh
2022-11-16 09:15:47,100 : INFO : test_e2e : Rs. 74353
2022-11-16 09:15:47,180 : INFO : test_e2e : 2.07Lakh
2022-11-16 09:15:47,243 : INFO : test_e2e : 1.35Lakh
2022-11-16 09:15:47,321 : INFO : test_e2e : Rs. 83198
2022-11-16 09:15:47,368 : INFO : test_e2e : Rs. 79002
2022-11-16 09:15:47,453 : INFO : test_e2e : 1.20Lakh
2022-11-16 09:15:47,500 : INFO : test_e2e : Rs. 70315
2022-11-16 09:15:47,568 : INFO : test_e2e : Rs. 88536
2022-11-16 09:29:45,177 : INFO : test_e2e : click on Honda check box
2022-11-16 09:29:45,370 : INFO : test_e2e : less than 4 lakh bikes filter apply
2022-11-16 09:29:45,642 : INFO : test_e2e : True
2022-11-16 09:30:36,840 : INFO : test_e2e : click on Honda check box
2022-11-16 09:30:37,014 : INFO : test_e2e : less than 4 lakh bikes filter apply
2022-11-16 09:30:37,365 : INFO : test_e2e : True
2022-11-16 09:31:39,920 : INFO : test_e2e : click on Honda check box
2022-11-16 09:31:40,861 : INFO : test_e2e : less than 4 lakh bikes filter apply
2022-11-16 09:31:48,240 : INFO : test_e2e : True
2022-11-16 09:31:48,935 : INFO : test_e2e : Rs. 75400
2022-11-16 09:31:49,014 : INFO : test_e2e : Rs. 86486
2022-11-16 09:31:49,083 : INFO : test_e2e : Rs. 83914
2022-11-16 09:31:49,203 : INFO : test_e2e : 1.03 Lakh
2022-11-16 09:31:49,304 : INFO : test_e2e : Rs. 74353
2022-11-16 09:31:49,414 : INFO : test_e2e : 2.07 Lakh
2022-11-16 09:31:49,523 : INFO : test_e2e : 1.35 Lakh
2022-11-16 09:31:49,603 : INFO : test_e2e : Rs. 83198
2022-11-16 09:31:49,684 : INFO : test_e2e : Rs. 79002
2022-11-16 09:31:49,813 : INFO : test_e2e : 1.20 Lakh
2022-11-16 09:31:49,904 : INFO : test_e2e : Rs. 70315
2022-11-16 09:31:49,994 : INFO : test_e2e : Rs. 88536
2022-11-16 09:34:07,909 : INFO : test_e2e : click on Honda check box
2022-11-16 09:34:08,101 : INFO : test_e2e : less than 4 lakh bikes filter apply
2022-11-16 09:34:09,326 : INFO : test_e2e : Rs. 75400
2022-11-16 09:34:09,394 : INFO : test_e2e : Rs. 86486
2022-11-16 09:34:09,498 : INFO : test_e2e : Rs. 83914
2022-11-16 09:34:09,581 : INFO : test_e2e : 1.03 Lakh
2022-11-16 09:34:09,639 : INFO : test_e2e : Rs. 74353
2022-11-16 09:34:09,711 : INFO : test_e2e : 2.07 Lakh
2022-11-16 09:34:09,789 : INFO : test_e2e : 1.35 Lakh
2022-11-16 09:34:09,856 : INFO : test_e2e : Rs. 83198
2022-11-16 09:34:09,923 : INFO : test_e2e : Rs. 79002
2022-11-16 09:34:09,994 : INFO : test_e2e : 1.20 Lakh
2022-11-16 09:34:10,048 : INFO : test_e2e : Rs. 70315
2022-11-16 09:34:10,111 : INFO : test_e2e : Rs. 88536
2022-11-16 16:38:19,839 : INFO : test_e2e : click on Honda check box
2022-11-16 16:38:20,032 : INFO : test_e2e : less than 4 lakh bikes filter apply
2022-11-16 16:39:31,897 : INFO : test_e2e : click on Honda check box
2022-11-16 16:39:32,196 : INFO : test_e2e : less than 4 lakh bikes filter apply
2022-11-16 16:39:39,852 : INFO : test_e2e : Rs. 75400
2022-11-16 16:39:39,930 : INFO : test_e2e : Rs. 86486
2022-11-16 16:39:40,023 : INFO : test_e2e : Rs. 83914
2022-11-16 16:39:40,101 : INFO : test_e2e : 1.03 Lakh
2022-11-16 16:39:40,164 : INFO : test_e2e : Rs. 74353
2022-11-16 16:39:40,225 : INFO : test_e2e : 2.07 Lakh
2022-11-16 16:39:40,303 : INFO : test_e2e : 1.35 Lakh
2022-11-16 16:39:40,365 : INFO : test_e2e : Rs. 83198
2022-11-16 16:39:40,443 : INFO : test_e2e : Rs. 79002
2022-11-16 16:39:40,522 : INFO : test_e2e : 1.20 Lakh
2022-11-16 16:39:40,584 : INFO : test_e2e : Rs. 70315
2022-11-16 16:39:40,646 : INFO : test_e2e : Rs. 88536
2022-11-21 12:42:04,799 : INFO : test_e2e : click on Honda check box
2022-11-21 12:42:04,958 : INFO : test_e2e : less than 4 lakh bikes filter apply
2022-11-21 12:42:12,559 : INFO : test_e2e : Rs. 76587
2022-11-21 12:42:12,614 : INFO : test_e2e : Rs. 87522
2022-11-21 12:42:12,663 : INFO : test_e2e : Rs. 83914
2022-11-21 12:42:12,720 : INFO : test_e2e : 1.05 Lakh
2022-11-21 12:42:12,773 : INFO : test_e2e : Rs. 74353
2022-11-21 12:42:12,831 : INFO : test_e2e : 2.07 Lakh
2022-11-21 12:42:12,893 : INFO : test_e2e : 1.36 Lakh
2022-11-21 12:42:12,940 : INFO : test_e2e : Rs. 84235
2022-11-21 12:42:12,990 : INFO : test_e2e : Rs. 79002
2022-11-21 12:42:13,061 : INFO : test_e2e : 1.21 Lakh
2022-11-21 12:42:13,114 : INFO : test_e2e : Rs. 70315
2022-11-21 12:42:13,164 : INFO : test_e2e : Rs. 89573
2022-11-21 18:45:39,159 : INFO : test_e2e2 : click on Honda check box
2022-11-21 18:45:39,479 : INFO : test_e2e2 : less than 4 lakh bikes filter apply
2022-11-21 18:48:51,547 : INFO : test_e2e : click on Honda check box
2022-11-21 18:48:51,782 : INFO : test_e2e : less than 4 lakh bikes filter apply
2022-11-21 18:48:59,273 : INFO : test_e2e : Rs. 76587
2022-11-21 18:48:59,337 : INFO : test_e2e : Rs. 87522
2022-11-21 18:48:59,397 : INFO : test_e2e : Rs. 83914
2022-11-21 18:48:59,487 : INFO : test_e2e : 1.05 Lakh
2022-11-21 18:48:59,557 : INFO : test_e2e : Rs. 74353
2022-11-21 18:48:59,634 : INFO : test_e2e : 2.07 Lakh
2022-11-21 18:48:59,710 : INFO : test_e2e : 1.36 Lakh
2022-11-21 18:48:59,777 : INFO : test_e2e : Rs. 84235
2022-11-21 18:48:59,837 : INFO : test_e2e : Rs. 79002
2022-11-21 18:48:59,922 : INFO : test_e2e : 1.21 Lakh
2022-11-21 18:48:59,987 : INFO : test_e2e : Rs. 70315
2022-11-21 18:49:00,056 : INFO : test_e2e : Rs. 89573
2022-11-21 18:49:11,068 : INFO : test_e2e2 : click on Honda check box
2022-11-21 18:49:11,268 : INFO : test_e2e2 : less than 4 lakh bikes filter apply
2022-11-21 18:51:01,937 : INFO : test_e2e : click on Honda check box
2022-11-21 18:51:02,117 : INFO : test_e2e : less than 4 lakh bikes filter apply
2022-11-21 18:51:09,804 : INFO : test_e2e : Rs. 76587
2022-11-21 18:51:09,887 : INFO : test_e2e : Rs. 87522
2022-11-21 18:51:09,966 : INFO : test_e2e : Rs. 83914
2022-11-21 18:51:10,112 : INFO : test_e2e : 1.05 Lakh
2022-11-21 18:51:10,219 : INFO : test_e2e : Rs. 74353
2022-11-21 18:51:10,344 : INFO : test_e2e : 2.07 Lakh
2022-11-21 18:51:10,413 : INFO : test_e2e : 1.36 Lakh
2022-11-21 18:51:10,496 : INFO : test_e2e : Rs. 84235
2022-11-21 18:51:10,567 : INFO : test_e2e : Rs. 79002
2022-11-21 18:51:10,640 : INFO : test_e2e : 1.21 Lakh
2022-11-21 18:51:10,706 : INFO : test_e2e : Rs. 70315
2022-11-21 18:51:10,777 : INFO : test_e2e : 8.89 Lakh
2022-11-21 18:51:21,327 : INFO : test_e2e2 : click on Honda check box
2022-11-21 18:51:21,857 : INFO : test_e2e2 : less than 4 lakh bikes filter apply
2022-11-21 18:56:39,571 : INFO : test_e2e2 : click on Honda check box
2022-11-21 18:56:39,738 : INFO : test_e2e2 : less than 4 lakh bikes filter apply
2022-11-21 18:59:18,271 : INFO : test_e2e : click on Honda check box
2022-11-21 18:59:18,402 : INFO : test_e2e : less than 4 lakh bikes filter apply
2022-11-21 18:59:25,791 : INFO : test_e2e : Rs. 76587
2022-11-21 18:59:25,838 : INFO : test_e2e : Rs. 87522
2022-11-21 18:59:25,885 : INFO : test_e2e : Rs. 83914
2022-11-21 18:59:25,947 : INFO : test_e2e : 1.05 Lakh
2022-11-21 18:59:25,994 : INFO : test_e2e : Rs. 74353
2022-11-21 18:59:26,041 : INFO : test_e2e : 2.07 Lakh
2022-11-21 18:59:26,104 : INFO : test_e2e : 1.36 Lakh
2022-11-21 18:59:26,151 : INFO : test_e2e : Rs. 84235
2022-11-21 18:59:26,213 : INFO : test_e2e : Rs. 79002
2022-11-21 18:59:26,260 : INFO : test_e2e : 1.21 Lakh
2022-11-21 18:59:26,307 : INFO : test_e2e : Rs. 70315
2022-11-21 18:59:26,354 : INFO : test_e2e : Rs. 89573
2022-11-21 18:59:40,495 : INFO : test_e2e2 : click on Honda check box
2022-11-21 18:59:40,651 : INFO : test_e2e2 : less than 4 lakh bikes filter apply
2022-11-21 19:03:44,990 : INFO : test_e2e : click on Honda check box
2022-11-21 19:03:45,124 : INFO : test_e2e : less than 4 lakh bikes filter apply
2022-11-21 19:03:52,458 : INFO : test_e2e : Rs. 76587
2022-11-21 19:03:52,505 : INFO : test_e2e : Rs. 87522
2022-11-21 19:03:52,552 : INFO : test_e2e : Rs. 83914
2022-11-21 19:03:52,615 : INFO : test_e2e : 1.05 Lakh
2022-11-21 19:03:52,662 : INFO : test_e2e : Rs. 74353
2022-11-21 19:03:52,724 : INFO : test_e2e : 2.07 Lakh
2022-11-21 19:03:52,771 : INFO : test_e2e : 1.36 Lakh
2022-11-21 19:03:52,833 : INFO : test_e2e : Rs. 84235
2022-11-21 19:03:52,880 : INFO : test_e2e : Rs. 79002
2022-11-21 19:03:52,943 : INFO : test_e2e : 1.21 Lakh
2022-11-21 19:03:52,990 : INFO : test_e2e : Rs. 70315
2022-11-21 19:03:53,052 : INFO : test_e2e : 8.89 Lakh
2022-11-21 19:04:07,432 : INFO : test_e2e2 : click on Honda check box
2022-11-21 19:04:07,558 : INFO : test_e2e2 : less than 4 lakh bikes filter apply
2022-11-21 19:05:46,301 : INFO : test_e2e : click on Honda check box
2022-11-21 19:05:46,484 : INFO : test_e2e : less than 4 lakh bikes filter apply
2022-11-21 19:05:53,808 : INFO : test_e2e : Rs. 76587
2022-11-21 19:05:53,855 : INFO : test_e2e : Rs. 87522
2022-11-21 19:05:53,901 : INFO : test_e2e : Rs. 83914
2022-11-21 19:05:53,964 : INFO : test_e2e : 1.05 Lakh
2022-11-21 19:05:54,011 : INFO : test_e2e : Rs. 74353
2022-11-21 19:05:54,073 : INFO : test_e2e : 2.07 Lakh
2022-11-21 19:05:54,136 : INFO : test_e2e : 1.36 Lakh
2022-11-21 19:05:54,183 : INFO : test_e2e : Rs. 84235
2022-11-21 19:05:54,230 : INFO : test_e2e : Rs. 79002
2022-11-21 19:05:54,276 : INFO : test_e2e : 1.21 Lakh
2022-11-21 19:05:54,323 : INFO : test_e2e : Rs. 70315
2022-11-21 19:05:54,370 : INFO : test_e2e : Rs. 89573
2022-11-21 19:06:08,190 : INFO : test_e2e2 : click on Honda check box
2022-11-21 19:06:08,331 : INFO : test_e2e2 : less than 4 lakh bikes filter apply
2022-11-21 22:33:17,754 : INFO : test_e2e : click on Honda check box
2022-11-21 22:33:17,944 : INFO : test_e2e : less than 4 lakh bikes filter apply
2022-11-21 22:33:25,393 : INFO : test_e2e : Rs. 76587
2022-11-21 22:33:25,456 : INFO : test_e2e : Rs. 87522
2022-11-21 22:33:25,518 : INFO : test_e2e : Rs. 83914
2022-11-21 22:33:25,581 : INFO : test_e2e : 1.05 Lakh
2022-11-21 22:33:25,659 : INFO : test_e2e : Rs. 74353
2022-11-21 22:33:25,737 : INFO : test_e2e : 2.07 Lakh
2022-11-21 22:33:25,815 : INFO : test_e2e : 1.36 Lakh
2022-11-21 22:33:25,878 : INFO : test_e2e : Rs. 84235
2022-11-21 22:33:25,940 : INFO : test_e2e : Rs. 79002
2022-11-21 22:33:26,003 : INFO : test_e2e : 1.21 Lakh
2022-11-21 22:33:26,112 : INFO : test_e2e : Rs. 70315
2022-11-21 22:33:26,175 : INFO : test_e2e : Rs. 89573
2022-11-21 22:33:53,672 : INFO : test_e2e2 : click on Honda check box
2022-11-21 22:33:53,920 : INFO : test_e2e2 : less than 4 lakh bikes filter apply
2022-11-21 22:37:53,810 : INFO : test_e2e : click on Honda check box
2022-11-21 22:37:53,962 : INFO : test_e2e : less than 4 lakh bikes filter apply
2022-11-21 22:38:01,450 : INFO : test_e2e : Rs. 76587
2022-11-21 22:38:01,512 : INFO : test_e2e : Rs. 87522
2022-11-21 22:38:01,583 : INFO : test_e2e : Rs. 83914
2022-11-21 22:38:01,662 : INFO : test_e2e : 1.05 Lakh
2022-11-21 22:38:01,740 : INFO : test_e2e : Rs. 74353
2022-11-21 22:38:01,880 : INFO : test_e2e : 2.07 Lakh
2022-11-21 22:38:01,943 : INFO : test_e2e : 1.36 Lakh
2022-11-21 22:38:02,021 : INFO : test_e2e : Rs. 84235
2022-11-21 22:38:02,083 : INFO : test_e2e : Rs. 79002
2022-11-21 22:38:02,177 : INFO : test_e2e : 1.21 Lakh
2022-11-21 22:38:02,254 : INFO : test_e2e : Rs. 70315
2022-11-21 22:38:02,348 : INFO : test_e2e : 8.89 Lakh
2022-11-21 22:38:31,032 : INFO : test_e2e2 : click on Honda check box
2022-11-21 22:38:31,240 : INFO : test_e2e2 : less than 4 lakh bikes filter apply
2022-11-21 22:52:52,802 : INFO : test_e2e : click on Honda check box
2022-11-21 22:52:53,005 : INFO : test_e2e : less than 4 lakh bikes filter apply
2022-11-21 22:53:00,438 : INFO : test_e2e : Rs. 76587
2022-11-21 22:53:00,485 : INFO : test_e2e : Rs. 87522
2022-11-21 22:53:00,547 : INFO : test_e2e : Rs. 83914
2022-11-21 22:53:00,625 : INFO : test_e2e : 1.05 Lakh
2022-11-21 22:53:00,688 : INFO : test_e2e : Rs. 74353
2022-11-21 22:53:00,750 : INFO : test_e2e : 2.07 Lakh
2022-11-21 22:53:00,860 : INFO : test_e2e : 1.36 Lakh
2022-11-21 22:53:00,922 : INFO : test_e2e : Rs. 84235
2022-11-21 22:53:00,985 : INFO : test_e2e : Rs. 79002
2022-11-21 22:53:01,047 : INFO : test_e2e : 1.21 Lakh
2022-11-21 22:53:01,109 : INFO : test_e2e : Rs. 70315
2022-11-21 22:53:01,172 : INFO : test_e2e : Rs. 89573
2022-11-21 22:53:25,877 : INFO : test_e2e2 : click on Honda check box
2022-11-21 22:53:26,084 : INFO : test_e2e2 : less than 4 lakh bikes filter apply
2022-11-21 23:10:34,129 : INFO : test_e2e : click on Honda check box
2022-11-21 23:10:34,313 : INFO : test_e2e : less than 4 lakh bikes filter apply
2022-11-21 23:10:41,758 : INFO : test_e2e : Rs. 76587
2022-11-21 23:10:41,820 : INFO : test_e2e : Rs. 87522
2022-11-21 23:10:41,883 : INFO : test_e2e : Rs. 83914
2022-11-21 23:10:41,961 : INFO : test_e2e : 1.05 Lakh
2022-11-21 23:10:42,024 : INFO : test_e2e : Rs. 74353
2022-11-21 23:10:42,102 : INFO : test_e2e : 2.07 Lakh
2022-11-21 23:10:42,164 : INFO : test_e2e : 1.36 Lakh
2022-11-21 23:10:42,227 : INFO : test_e2e : Rs. 84235
2022-11-21 23:10:42,289 : INFO : test_e2e : Rs. 79002
2022-11-21 23:10:42,367 : INFO : test_e2e : 1.21 Lakh
2022-11-21 23:10:42,430 : INFO : test_e2e : Rs. 70315
2022-11-21 23:10:42,492 : INFO : test_e2e : Rs. 89573
2022-11-21 23:26:50,352 : INFO : test_e2e : click on Honda check box
2022-11-21 23:26:50,560 : INFO : test_e2e : less than 4 lakh bikes filter apply
2022-11-21 23:26:58,021 : INFO : test_e2e : Rs. 76587
2022-11-21 23:26:58,084 : INFO : test_e2e : Rs. 87522
2022-11-21 23:26:58,146 : INFO : test_e2e : Rs. 83914
2022-11-21 23:26:58,209 : INFO : test_e2e : 1.05 Lakh
2022-11-21 23:26:58,271 : INFO : test_e2e : Rs. 74353
2022-11-21 23:26:58,349 : INFO : test_e2e : 2.07 Lakh
2022-11-21 23:26:58,427 : INFO : test_e2e : 1.36 Lakh
2022-11-21 23:26:58,490 : INFO : test_e2e : Rs. 84235
2022-11-21 23:26:58,552 : INFO : test_e2e : Rs. 79002
2022-11-21 23:26:58,630 : INFO : test_e2e : 1.21 Lakh
2022-11-21 23:26:58,693 : INFO : test_e2e : Rs. 70315
2022-11-21 23:26:58,740 : INFO : test_e2e : Rs. 89573
2022-11-21 23:27:09,863 : INFO : test_e2e2 : click on Honda check box
2022-11-21 23:27:10,141 : INFO : test_e2e2 : less than 4 lakh bikes filter apply
2022-11-21 23:32:58,411 : INFO : test_e2e : click on Honda check box
2022-11-21 23:32:58,706 : INFO : test_e2e : less than 4 lakh bikes filter apply
2022-11-21 23:33:06,162 : INFO : test_e2e : Rs. 76587
2022-11-21 23:33:06,225 : INFO : test_e2e : Rs. 87522
2022-11-21 23:33:06,287 : INFO : test_e2e : Rs. 83914
2022-11-21 23:33:06,365 : INFO : test_e2e : 1.05 Lakh
2022-11-21 23:33:06,428 : INFO : test_e2e : Rs. 74353
2022-11-21 23:33:06,524 : INFO : test_e2e : 2.07 Lakh
2022-11-21 23:33:06,602 : INFO : test_e2e : 1.36 Lakh
2022-11-21 23:33:06,664 : INFO : test_e2e : Rs. 84235
2022-11-21 23:33:06,737 : INFO : test_e2e : Rs. 79002
2022-11-21 23:33:06,816 : INFO : test_e2e : 1.21 Lakh
2022-11-21 23:33:06,878 : INFO : test_e2e : Rs. 70315
2022-11-21 23:33:06,941 : INFO : test_e2e : Rs. 89573
2022-11-21 23:33:21,031 : INFO : test_e2e2 : click on Honda check box
2022-11-21 23:33:21,256 : INFO : test_e2e2 : less than 4 lakh bikes filter apply
2022-11-21 23:36:55,729 : INFO : test_e2e : click on Honda check box
2022-11-21 23:36:55,889 : INFO : test_e2e : less than 4 lakh bikes filter apply
2022-11-21 23:37:03,439 : INFO : test_e2e : Rs. 76587
2022-11-21 23:37:03,520 : INFO : test_e2e : Rs. 87522
2022-11-21 23:37:03,574 : INFO : test_e2e : Rs. 83914
2022-11-21 23:37:03,652 : INFO : test_e2e : 1.05 Lakh
2022-11-21 23:37:03,724 : INFO : test_e2e : Rs. 74353
2022-11-21 23:37:03,797 : INFO : test_e2e : 2.07 Lakh
2022-11-21 23:37:03,875 : INFO : test_e2e : 1.36 Lakh
2022-11-21 23:37:03,937 : INFO : test_e2e : Rs. 84235
2022-11-21 23:37:04,000 : INFO : test_e2e : Rs. 79002
2022-11-21 23:37:04,093 : INFO : test_e2e : 1.21 Lakh
2022-11-21 23:37:04,156 : INFO : test_e2e : Rs. 70315
2022-11-21 23:37:04,219 : INFO : test_e2e : Rs. 89573
2022-11-21 23:37:14,439 : INFO : test_e2e2 : click on Honda check box
2022-11-21 23:37:14,607 : INFO : test_e2e2 : less than 4 lakh bikes filter apply
2022-11-21 23:46:37,231 : INFO : test_e2e : click on Honda check box
2022-11-21 23:46:37,430 : INFO : test_e2e : less than 4 lakh bikes filter apply
2022-11-21 23:46:44,892 : INFO : test_e2e : Rs. 76587
2022-11-21 23:46:44,939 : INFO : test_e2e : Rs. 87522
2022-11-21 23:46:45,001 : INFO : test_e2e : Rs. 83914
2022-11-21 23:46:45,084 : INFO : test_e2e : 1.05 Lakh
2022-11-21 23:46:45,148 : INFO : test_e2e : Rs. 74353
2022-11-21 23:46:45,211 : INFO : test_e2e : 2.07 Lakh
2022-11-21 23:46:45,285 : INFO : test_e2e : 1.36 Lakh
2022-11-21 23:46:45,342 : INFO : test_e2e : Rs. 84235
2022-11-21 23:46:45,420 : INFO : test_e2e : Rs. 79002
2022-11-21 23:46:45,482 : INFO : test_e2e : 1.21 Lakh
2022-11-21 23:46:45,561 : INFO : test_e2e : Rs. 70315
2022-11-21 23:46:45,623 : INFO : test_e2e : Rs. 89573
2022-11-21 23:47:03,726 : INFO : test_e2e2 : click on Honda check box
2022-11-21 23:47:03,926 : INFO : test_e2e2 : less than 4 lakh bikes filter apply
2022-11-21 23:50:12,156 : INFO : test_e2e : click on Honda check box
2022-11-21 23:50:12,331 : INFO : test_e2e : less than 4 lakh bikes filter apply
2022-11-21 23:50:19,814 : INFO : test_e2e : Rs. 76587
2022-11-21 23:50:19,877 : INFO : test_e2e : Rs. 87522
2022-11-21 23:50:19,939 : INFO : test_e2e : Rs. 83914
2022-11-21 23:50:20,017 : INFO : test_e2e : 1.05 Lakh
2022-11-21 23:50:20,080 : INFO : test_e2e : Rs. 74353
2022-11-21 23:50:20,158 : INFO : test_e2e : 2.07 Lakh
2022-11-21 23:50:20,220 : INFO : test_e2e : 1.36 Lakh
2022-11-21 23:50:20,283 : INFO : test_e2e : Rs. 84235
2022-11-21 23:50:20,345 : INFO : test_e2e : Rs. 79002
2022-11-21 23:50:20,423 : INFO : test_e2e : 1.21 Lakh
2022-11-21 23:50:20,486 : INFO : test_e2e : Rs. 70315
2022-11-21 23:50:20,548 : INFO : test_e2e : Rs. 89573
2022-11-21 23:50:34,634 : INFO : test_e2e2 : click on Honda check box
2022-11-21 23:50:34,838 : INFO : test_e2e2 : less than 4 lakh bikes filter apply
2022-11-21 23:53:41,432 : INFO : test_e2e : click on Honda check box
2022-11-21 23:53:41,648 : INFO : test_e2e : less than 4 lakh bikes filter apply
2022-11-21 23:53:49,111 : INFO : test_e2e : Rs. 76587
2022-11-21 23:53:49,174 : INFO : test_e2e : Rs. 87522
2022-11-21 23:53:49,225 : INFO : test_e2e : Rs. 83914
2022-11-21 23:53:49,319 : INFO : test_e2e : 1.05 Lakh
2022-11-21 23:53:49,381 : INFO : test_e2e : Rs. 74353
2022-11-21 23:53:49,459 : INFO : test_e2e : 2.07 Lakh
2022-11-21 23:53:49,538 : INFO : test_e2e : 1.36 Lakh
2022-11-21 23:53:49,600 : INFO : test_e2e : Rs. 84235
2022-11-21 23:53:49,663 : INFO : test_e2e : Rs. 79002
2022-11-21 23:53:49,741 : INFO : test_e2e : 1.21 Lakh
2022-11-21 23:53:49,819 : INFO : test_e2e : Rs. 70315
2022-11-21 23:53:49,881 : INFO : test_e2e : Rs. 89573
2022-11-21 23:54:04,770 : INFO : test_e2e2 : click on Honda check box
2022-11-21 23:54:05,018 : INFO : test_e2e2 : less than 4 lakh bikes filter apply
2022-11-22 00:00:25,147 : INFO : test_e2e : click on Honda check box
2022-11-22 00:00:25,379 : INFO : test_e2e : less than 4 lakh bikes filter apply
2022-11-22 00:00:32,850 : INFO : test_e2e : Rs. 76587
2022-11-22 00:00:32,913 : INFO : test_e2e : Rs. 87522
2022-11-22 00:00:32,975 : INFO : test_e2e : Rs. 83914
2022-11-22 00:00:33,053 : INFO : test_e2e : 1.05 Lakh
2022-11-22 00:00:33,132 : INFO : test_e2e : Rs. 74353
2022-11-22 00:00:33,203 : INFO : test_e2e : 2.07 Lakh
2022-11-22 00:00:33,281 : INFO : test_e2e : 1.36 Lakh
2022-11-22 00:00:33,343 : INFO : test_e2e : Rs. 84235
2022-11-22 00:00:33,421 : INFO : test_e2e : Rs. 79002
2022-11-22 00:00:33,484 : INFO : test_e2e : 1.21 Lakh
2022-11-22 00:00:33,562 : INFO : test_e2e : Rs. 70315
2022-11-22 00:00:33,625 : INFO : test_e2e : Rs. 89573
2022-11-22 00:00:51,191 : INFO : test_e2e2 : click on Honda check box
2022-11-22 00:00:51,407 : INFO : test_e2e2 : less than 4 lakh bikes filter apply
2022-11-22 00:03:58,553 : INFO : test_e2e : click on Honda check box
2022-11-22 00:03:58,761 : INFO : test_e2e : less than 4 lakh bikes filter apply
2022-11-22 00:04:06,234 : INFO : test_e2e : Rs. 76587
2022-11-22 00:04:06,297 : INFO : test_e2e : Rs. 87522
2022-11-22 00:04:06,375 : INFO : test_e2e : Rs. 83914
2022-11-22 00:04:06,453 : INFO : test_e2e : 1.05 Lakh
2022-11-22 00:04:06,531 : INFO : test_e2e : Rs. 74353
2022-11-22 00:04:06,594 : INFO : test_e2e : 2.07 Lakh
2022-11-22 00:04:06,672 : INFO : test_e2e : 1.36 Lakh
2022-11-22 00:04:06,734 : INFO : test_e2e : Rs. 84235
2022-11-22 00:04:06,797 : INFO : test_e2e : Rs. 79002
2022-11-22 00:04:06,875 : INFO : test_e2e : 1.21 Lakh
2022-11-22 00:04:06,937 : INFO : test_e2e : Rs. 70315
2022-11-22 00:04:07,000 : INFO : test_e2e : Rs. 89573
2022-11-22 00:04:18,642 : INFO : test_e2e2 : click on Honda check box
2022-11-22 00:04:18,850 : INFO : test_e2e2 : less than 4 lakh bikes filter apply
2022-11-22 00:11:45,285 : INFO : test_e2e : click on Honda check box
2022-11-22 00:11:45,447 : INFO : test_e2e : less than 4 lakh bikes filter apply
2022-11-22 00:20:37,425 : INFO : test_e2e : click on Honda check box
2022-11-22 00:20:37,601 : INFO : test_e2e : less than 4 lakh bikes filter apply
2022-11-22 00:20:45,121 : INFO : test_e2e : Rs. 77706
2022-11-22 00:20:45,184 : INFO : test_e2e : Rs. 88124
2022-11-22 00:20:45,246 : INFO : test_e2e : Rs. 84567
2022-11-22 00:20:45,325 : INFO : test_e2e : 1.06 Lakh
2022-11-22 00:20:45,387 : INFO : test_e2e : Rs. 78038
2022-11-22 00:20:45,466 : INFO : test_e2e : 2.07 Lakh
2022-11-22 00:20:45,598 : INFO : test_e2e : 1.37 Lakh
2022-11-22 00:20:45,660 : INFO : test_e2e : Rs. 86174
2022-11-22 00:20:45,733 : INFO : test_e2e : Rs. 79734
2022-11-22 00:20:45,811 : INFO : test_e2e : 1.22 Lakh
2022-11-22 00:20:45,874 : INFO : test_e2e : Rs. 71427
2022-11-22 00:20:45,936 : INFO : test_e2e : 8.89 Lakh
2022-11-22 00:21:01,279 : INFO : test_e2e2 : click on Honda check box
2022-11-22 00:21:01,487 : INFO : test_e2e2 : less than 4 lakh bikes filter apply
2022-11-22 00:33:08,677 : INFO : test_e2e : click on Honda check box
2022-11-22 00:33:08,853 : INFO : test_e2e : less than 4 lakh bikes filter apply
2022-11-22 00:33:16,370 : INFO : test_e2e : Rs. 77706
2022-11-22 00:33:16,433 : INFO : test_e2e : Rs. 88124
2022-11-22 00:33:16,495 : INFO : test_e2e : Rs. 84567
2022-11-22 00:33:16,573 : INFO : test_e2e : 1.06 Lakh
2022-11-22 00:33:16,636 : INFO : test_e2e : Rs. 78038
2022-11-22 00:33:16,708 : INFO : test_e2e : 2.07 Lakh
2022-11-22 00:33:16,771 : INFO : test_e2e : 1.37 Lakh
2022-11-22 00:33:16,834 : INFO : test_e2e : Rs. 86174
2022-11-22 00:33:16,912 : INFO : test_e2e : Rs. 79734
2022-11-22 00:33:16,990 : INFO : test_e2e : 1.22 Lakh
2022-11-22 00:33:17,068 : INFO : test_e2e : Rs. 71427
2022-11-22 00:33:17,131 : INFO : test_e2e : Rs. 90396
2022-11-22 00:33:27,285 : INFO : test_e2e2 : click on Honda check box
2022-11-22 00:33:27,605 : INFO : test_e2e2 : less than 4 lakh bikes filter apply
2022-11-22 00:33:35,047 : INFO : test_e2e2 : Rs. 77706
2022-11-22 00:33:35,109 : INFO : test_e2e2 : Rs. 88124
2022-11-22 00:33:35,172 : INFO : test_e2e2 : Rs. 84567
2022-11-22 08:27:34,717 : INFO : test_e2e : click on Honda check box
2022-11-22 08:27:34,850 : INFO : test_e2e : less than 4 lakh bikes filter apply
2022-11-22 08:33:13,659 : INFO : test_e2e : click on Honda check box
2022-11-22 08:33:13,791 : INFO : test_e2e : less than 4 lakh bikes filter apply
2022-11-22 08:33:23,029 : INFO : test_e2e : Rs. 77706
2022-11-22 08:33:23,076 : INFO : test_e2e : Rs. 88124
2022-11-22 08:33:23,122 : INFO : test_e2e : Rs. 84567
2022-11-22 08:33:23,185 : INFO : test_e2e : 1.06 Lakh
2022-11-22 08:33:23,216 : INFO : test_e2e : Rs. 78038
2022-11-22 08:33:23,279 : INFO : test_e2e : 2.07 Lakh
2022-11-22 08:33:23,326 : INFO : test_e2e : 1.37 Lakh
2022-11-22 08:33:23,372 : INFO : test_e2e : Rs. 86174
2022-11-22 08:33:23,419 : INFO : test_e2e : Rs. 79734
2022-11-22 08:33:23,466 : INFO : test_e2e : 1.22 Lakh
2022-11-22 08:33:23,513 : INFO : test_e2e : Rs. 71427
2022-11-22 08:33:23,560 : INFO : test_e2e : Rs. 90396
2022-11-22 08:40:31,451 : INFO : test_e2e : click on Honda check box
2022-11-22 08:40:31,589 : INFO : test_e2e : less than 4 lakh bikes filter apply
2022-11-22 08:40:38,923 : INFO : test_e2e : Rs. 77706
2022-11-22 08:40:38,986 : INFO : test_e2e : Rs. 88124
2022-11-22 08:40:39,033 : INFO : test_e2e : Rs. 84567
2022-11-22 08:40:39,095 : INFO : test_e2e : 1.06 Lakh
2022-11-22 08:40:39,142 : INFO : test_e2e : Rs. 78038
2022-11-22 08:40:39,189 : INFO : test_e2e : 2.07 Lakh
2022-11-22 08:40:39,251 : INFO : test_e2e : 1.37 Lakh
2022-11-22 08:40:39,298 : INFO : test_e2e : Rs. 86174
2022-11-22 08:40:39,361 : INFO : test_e2e : Rs. 79734
2022-11-22 08:40:39,408 : INFO : test_e2e : 1.22 Lakh
2022-11-22 08:40:39,470 : INFO : test_e2e : Rs. 71427
2022-11-22 08:40:39,517 : INFO : test_e2e : Rs. 90396
2022-11-22 08:40:48,679 : INFO : test_e2e2 : click on Honda check box
2022-11-22 08:40:48,813 : INFO : test_e2e2 : less than 4 lakh bikes filter apply
2022-11-22 11:04:12,212 : INFO : test_e2e : click on Honda check box
2022-11-22 11:04:12,357 : INFO : test_e2e : less than 4 lakh bikes filter apply
2022-11-22 11:04:19,740 : INFO : test_e2e : Rs. 76587
2022-11-22 11:04:19,801 : INFO : test_e2e : Rs. 87522
2022-11-22 11:04:19,850 : INFO : test_e2e : Rs. 83914
2022-11-22 11:04:19,912 : INFO : test_e2e : 1.05 Lakh
2022-11-22 11:04:19,965 : INFO : test_e2e : Rs. 74353
2022-11-22 11:04:20,025 : INFO : test_e2e : 2.07 Lakh
2022-11-22 11:04:20,082 : INFO : test_e2e : 1.36 Lakh
2022-11-22 11:04:20,128 : INFO : test_e2e : Rs. 84235
2022-11-22 11:04:20,179 : INFO : test_e2e : Rs. 79002
2022-11-22 11:04:20,265 : INFO : test_e2e : 1.21 Lakh
2022-11-22 11:04:20,309 : INFO : test_e2e : Rs. 70315
2022-11-22 11:04:20,371 : INFO : test_e2e : 8.89 Lakh
2022-11-22 11:04:49,515 : INFO : test_e2e2 : click on Honda check box
2022-11-22 11:04:49,645 : INFO : test_e2e2 : less than 4 lakh bikes filter apply
2022-11-22 11:16:09,096 : INFO : test_e2e : click on Honda check box
2022-11-22 11:16:09,242 : INFO : test_e2e : less than 4 lakh bikes filter apply
2022-11-22 11:16:16,619 : INFO : test_e2e : Rs. 76587
2022-11-22 11:16:16,669 : INFO : test_e2e : Rs. 87522
2022-11-22 11:16:16,739 : INFO : test_e2e : Rs. 83914
2022-11-22 11:16:16,797 : INFO : test_e2e : 1.05 Lakh
2022-11-22 11:16:16,848 : INFO : test_e2e : Rs. 74353
2022-11-22 11:16:16,909 : INFO : test_e2e : 2.07 Lakh
2022-11-22 11:16:16,971 : INFO : test_e2e : 1.36 Lakh
2022-11-22 11:16:17,020 : INFO : test_e2e : Rs. 84235
2022-11-22 11:16:17,071 : INFO : test_e2e : Rs. 79002
2022-11-22 11:16:17,134 : INFO : test_e2e : 1.21 Lakh
2022-11-22 11:16:17,186 : INFO : test_e2e : Rs. 70315
2022-11-22 11:16:17,236 : INFO : test_e2e : Rs. 89573
2022-11-22 11:16:26,390 : INFO : test_e2e2 : click on Honda check box
2022-11-22 11:16:26,557 : INFO : test_e2e2 : less than 4 lakh bikes filter apply
2022-11-23 11:20:19,739 : INFO : test_e2e : click on Honda check box
2022-11-23 11:20:19,938 : INFO : test_e2e : less than 4 lakh bikes filter apply
2022-11-23 11:20:37,040 : INFO : test_e2e2 : click on Honda check box
2022-11-23 11:20:37,320 : INFO : test_e2e2 : less than 4 lakh bikes filter apply
2022-11-23 11:25:31,784 : INFO : test_e2e : click on Honda check box
2022-11-23 11:25:31,960 : INFO : test_e2e : less than 4 lakh bikes filter apply
2022-11-23 11:25:45,106 : INFO : test_e2e : Rs. 76587
2022-11-23 11:25:45,266 : INFO : test_e2e : Rs. 87522
2022-11-23 11:25:45,434 : INFO : test_e2e : Rs. 83914
2022-11-23 11:25:45,530 : INFO : test_e2e : 1.05 Lakh
2022-11-23 11:25:45,594 : INFO : test_e2e : Rs. 74353
2022-11-23 11:25:45,674 : INFO : test_e2e : 2.07 Lakh
2022-11-23 11:25:45,746 : INFO : test_e2e : 1.36 Lakh
2022-11-23 11:25:45,818 : INFO : test_e2e : Rs. 84235
2022-11-23 11:25:45,874 : INFO : test_e2e : Rs. 79002
2022-11-23 11:25:45,954 : INFO : test_e2e : 1.21 Lakh
2022-11-23 11:25:46,058 : INFO : test_e2e : Rs. 70315
2022-11-23 11:25:46,122 : INFO : test_e2e : Rs. 89573
2022-11-23 11:26:03,435 : INFO : test_e2e2 : click on Honda check box
2022-11-23 11:26:03,669 : INFO : test_e2e2 : less than 4 lakh bikes filter apply
2022-11-24 10:19:04,784 : INFO : test_e2e : click on Honda check box
2022-11-24 10:19:26,145 : INFO : test_e2e2 : click on Honda check box
2022-11-24 10:24:37,624 : INFO : test_e2e : click on Honda check box
2022-11-24 10:24:37,764 : INFO : test_e2e : less than 4 lakh bikes filter apply
2022-11-24 10:24:45,127 : INFO : test_e2e : Rs. 77706
2022-11-24 10:24:45,174 : INFO : test_e2e : Rs. 88124
2022-11-24 10:24:45,221 : INFO : test_e2e : Rs. 84567
2022-11-24 10:24:45,268 : INFO : test_e2e : 1.06 Lakh
2022-11-24 10:24:45,314 : INFO : test_e2e : Rs. 78038
2022-11-24 10:24:45,377 : INFO : test_e2e : 2.07 Lakh
2022-11-24 10:24:45,439 : INFO : test_e2e : 1.37 Lakh
2022-11-24 10:24:45,517 : INFO : test_e2e : Rs. 86174
2022-11-24 10:24:45,564 : INFO : test_e2e : Rs. 79734
2022-11-24 10:24:45,627 : INFO : test_e2e : 1.22 Lakh
2022-11-24 10:24:45,674 : INFO : test_e2e : Rs. 71427
2022-11-24 10:24:45,736 : INFO : test_e2e : 9.34 Lakh
2022-11-24 10:25:01,901 : INFO : test_e2e2 : click on Honda check box
2022-11-24 10:25:02,035 : INFO : test_e2e2 : less than 4 lakh bikes filter apply
2022-11-24 10:28:41,598 : INFO : test_e2e : click on Honda check box
2022-11-24 10:28:41,732 : INFO : test_e2e : less than 4 lakh bikes filter apply
2022-11-24 10:28:49,097 : INFO : test_e2e : Rs. 77706
2022-11-24 10:28:49,144 : INFO : test_e2e : Rs. 88124
2022-11-24 10:28:49,190 : INFO : test_e2e : Rs. 84567
2022-11-24 10:28:49,253 : INFO : test_e2e : 1.06 Lakh
2022-11-24 10:28:49,331 : INFO : test_e2e : Rs. 78038
2022-11-24 10:28:49,378 : INFO : test_e2e : 2.07 Lakh
2022-11-24 10:28:49,456 : INFO : test_e2e : 1.37 Lakh
2022-11-24 10:28:49,503 : INFO : test_e2e : Rs. 86174
2022-11-24 10:28:49,550 : INFO : test_e2e : Rs. 79734
2022-11-24 10:28:49,612 : INFO : test_e2e : 1.22 Lakh
2022-11-24 10:28:49,659 : INFO : test_e2e : Rs. 71427
2022-11-24 10:28:49,706 : INFO : test_e2e : Rs. 90396
2022-11-24 10:29:10,281 : INFO : test_e2e2 : click on Honda check box
2022-11-24 10:29:10,416 : INFO : test_e2e2 : less than 4 lakh bikes filter apply
2022-11-24 14:15:10,046 : INFO : test_e2e : click on Honda check box
2022-11-24 14:15:10,218 : INFO : test_e2e : less than 4 lakh bikes filter apply
2022-11-24 14:15:17,650 : INFO : test_e2e : Rs. 77706
2022-11-24 14:15:17,712 : INFO : test_e2e : Rs. 88124
2022-11-24 14:15:17,775 : INFO : test_e2e : Rs. 84567
2022-11-24 14:15:17,853 : INFO : test_e2e : 1.06 Lakh
2022-11-24 14:15:17,915 : INFO : test_e2e : Rs. 78038
2022-11-24 14:15:17,978 : INFO : test_e2e : 2.07 Lakh
2022-11-24 14:15:18,056 : INFO : test_e2e : 1.37 Lakh
2022-11-24 14:15:18,119 : INFO : test_e2e : Rs. 86174
2022-11-24 14:15:18,181 : INFO : test_e2e : Rs. 79734
2022-11-24 14:15:18,259 : INFO : test_e2e : 1.22 Lakh
2022-11-24 14:15:18,322 : INFO : test_e2e : Rs. 71427
2022-11-24 14:15:18,415 : INFO : test_e2e : Rs. 90396
2022-11-24 14:15:38,652 : INFO : test_e2e2 : click on Honda check box
2022-11-24 14:15:38,821 : INFO : test_e2e2 : less than 4 lakh bikes filter apply
